\BOOKMARK [1][-]{section.1}{Introducci\363n}{}% 1
\BOOKMARK [1][-]{section.2}{Geometria en tres dimensiones}{}% 2
\BOOKMARK [2][-]{subsection.2.1}{Vectores y Algebra lineal}{section.2}% 3
\BOOKMARK [2][-]{subsection.2.2}{Lineas, Planos y Superficies Cuadraticas}{section.2}% 4
\BOOKMARK [2][-]{subsection.2.3}{Funciones Vectoriales}{section.2}% 5
\BOOKMARK [2][-]{subsection.2.4}{Longitud de Arco y Curvatura}{section.2}% 6
\BOOKMARK [1][-]{section.3}{Funciones de varias varibles}{}% 7
\BOOKMARK [2][-]{subsection.3.1}{Derivadas Parciales}{section.3}% 8
\BOOKMARK [2][-]{subsection.3.2}{Aproximaci\363n Lineal y Diferenciales}{section.3}% 9
\BOOKMARK [2][-]{subsection.3.3}{Regla de la cadena y derivaci\363n implicita}{section.3}% 10
\BOOKMARK [2][-]{subsection.3.4}{Derivada Direccional y Gradiente}{section.3}% 11
\BOOKMARK [2][-]{subsection.3.5}{Optimizaci\363n y Extremos Locales}{section.3}% 12
\BOOKMARK [2][-]{subsection.3.6}{Multiplicadores de Lagrange}{section.3}% 13
\BOOKMARK [1][-]{section.4}{Integraci\363n Multiple}{}% 14
\BOOKMARK [2][-]{subsection.4.1}{Integrales Dobles}{section.4}% 15
\BOOKMARK [2][-]{subsection.4.2}{Coordenadas Polares}{section.4}% 16
\BOOKMARK [2][-]{subsection.4.3}{Integrales Triples}{section.4}% 17
\BOOKMARK [2][-]{subsection.4.4}{Integreles en Coordenadas Cilindricas y Esfericas}{section.4}% 18
\BOOKMARK [2][-]{subsection.4.5}{Cambio de variable}{section.4}% 19
\BOOKMARK [1][-]{section.5}{C\341lculo Vectorial}{}% 20
\BOOKMARK [2][-]{subsection.5.1}{Campo Vectorial}{section.5}% 21
\BOOKMARK [2][-]{subsection.5.2}{Integral de Linea}{section.5}% 22
\BOOKMARK [2][-]{subsection.5.3}{Campos Conservativos y Encontrando Potenciales Escalares}{section.5}% 23
